[2024-11-19 02:53:21] [INFO]:
Spectator UUID: 8ff7f385-dfb3-346e-92fb-43db688cbb34
Spectator Name: JJuniorAC
Taken         : [CATACLYSM_BULWARK_OF_THE_FLAME x 1, POINTBLANK_AK74 & UNSPECIFIC_META:{meta-type=UNSPECIFIC, internal=H4sIAAAAAAAA/+NiYGBh4HJPTc7O98lM8nRhgAAFLgbWxNzc/AoGbgaWtNzMFKAYS5Jpg41/vYVNE6enl9kzPXZmBhaQGpB6RgbmxMxcRhYGluLU1BQzrg3vhd6zGbAwMOdkprTV2Pj926CWCuQBDSr7e4v9FZfzRi4GpuJEDgbW4uT8glQGRn0GBgDa8DPdiwAAAA==} x 1]
Given         : []
Target        : IamS3bas7
[2024-11-26 01:55:35] [INFO]:
Spectator UUID: 8ff7f385-dfb3-346e-92fb-43db688cbb34
Spectator Name: JJuniorAC
Taken         : [BARRIER & UNSPECIFIC_META:{meta-type=UNSPECIFIC, display-name={"extra":[{"bold":false,"italic":false,"underlined":false,"strikethrough":false,"obfuscated":false,"color":"red","text":"Leave"}],"text":""}, lore=[{"extra":[{"bold":false,"italic":false,"underlined":false,"strikethrough":false,"obfuscated":false,"color":"red","text":"Leave the arena."}],"text":""}]} x 1]
Given         : []
Target        : Sadik_
[2024-11-26 01:55:38] [INFO]:
Spectator UUID: 8ff7f385-dfb3-346e-92fb-43db688cbb34
Spectator Name: JJuniorAC
Taken         : []
Given         : [BARRIER & UNSPECIFIC_META:{meta-type=UNSPECIFIC, display-name={"extra":[{"bold":false,"italic":false,"underlined":false,"strikethrough":false,"obfuscated":false,"color":"red","text":"Leave"}],"text":""}, lore=[{"extra":[{"bold":false,"italic":false,"underlined":false,"strikethrough":false,"obfuscated":false,"color":"red","text":"Leave the arena."}],"text":""}]} x 1]
Target        : Sadik_
[2024-11-26 01:55:38] [INFO]:
Spectator UUID: 8ff7f385-dfb3-346e-92fb-43db688cbb34
Spectator Name: JJuniorAC
Taken         : []
Given         : [BARRIER & UNSPECIFIC_META:{meta-type=UNSPECIFIC, display-name={"extra":[{"bold":false,"italic":false,"underlined":false,"strikethrough":false,"obfuscated":false,"color":"red","text":"Leave"}],"text":""}, lore=[{"extra":[{"bold":false,"italic":false,"underlined":false,"strikethrough":false,"obfuscated":false,"color":"red","text":"Leave the arena."}],"text":""}]} x 1]
Target        : Sadik_
